INFO: Loaded existing interconnect file 'F:\TRAINNING_ALLEGRO\PROJECT7\WORK\PCB\interconn.iml'
INFO: Finished loading SigNoise interconnect libraries
INFO: Field Solver bem2d for STL_0S_1R_7
INFO: Executing command: bem2d 0 "C:/Users/ADMINI~1/AppData/Local/Temp/#Taaaaaf00860.in" 0.00127
INFO: Field Solver bem2d for STL_0S_1R_8
INFO: Executing command: bem2d 0 "C:/Users/ADMINI~1/AppData/Local/Temp/#Taaaaag00860.in" 0.00127
INFO: Field Solver bem2d for STL_0S_1R_9
INFO: Executing command: bem2d 0 "C:/Users/ADMINI~1/AppData/Local/Temp/#Taaaaah00860.in" 0.00127
INFO: Field Solver bem2d for STL_0S_1R_10
INFO: Executing command: bem2d 0 "C:/Users/ADMINI~1/AppData/Local/Temp/#Taaaaai00860.in" 0.00127
INFO: Field Solver bem2d for STL_0S_1R_11
INFO: Executing command: bem2d 0 "C:/Users/ADMINI~1/AppData/Local/Temp/#Taaaaaj00860.in" 0.00127
INFO: Field Solver bem2d for STL_0S_1R_12
INFO: Executing command: bem2d 0 "C:/Users/ADMINI~1/AppData/Local/Temp/#Taaaaak00860.in" 0.00127
INFO: Field Solver bem2d for STL_0S_1R_13
INFO: Executing command: bem2d 0 "C:/Users/ADMINI~1/AppData/Local/Temp/#Taaaaal00860.in" 0.00127
INFO: Field Solver bem2d for STL_0S_1R_14
INFO: Executing command: bem2d 0 "C:/Users/ADMINI~1/AppData/Local/Temp/#Taaaaam00860.in" 0.00127
INFO: Field Solver bem2d for STL_0S_1R_15
INFO: Executing command: bem2d 0 "C:/Users/ADMINI~1/AppData/Local/Temp/#Taaaaan00860.in" 0.00127
INFO: Field Solver bem2d for STL_0S_1R_16
INFO: Executing command: bem2d 0 "C:/Users/ADMINI~1/AppData/Local/Temp/#Taaaaao00860.in" 0.00127
INFO: Field Solver bem2d for STL_0S_1R_17
INFO: Executing command: bem2d 0 "C:/Users/ADMINI~1/AppData/Local/Temp/#Taaaaap00860.in" 0.00127
INFO: Field Solver bem2d for STL_0S_1R_18
INFO: Executing command: bem2d 0 "C:/Users/ADMINI~1/AppData/Local/Temp/#Taaaaaq00860.in" 0.00127
INFO: Field Solver bem2d for STL_0S_1R_19
INFO: Executing command: bem2d 0 "C:/Users/ADMINI~1/AppData/Local/Temp/#Taaaaar00860.in" 0.00127
INFO: Field Solver bem2d for STL_0S_1R_20
INFO: Executing command: bem2d 0 "C:/Users/ADMINI~1/AppData/Local/Temp/#Taaaaas00860.in" 0.00127
INFO: Field Solver bem2d for STL_0S_1R_21
INFO: Executing command: bem2d 0 "C:/Users/ADMINI~1/AppData/Local/Temp/#Taaaaat00860.in" 0.00127
INFO: Field Solver bem2d for STL_0S_1R_22
INFO: Executing command: bem2d 0 "C:/Users/ADMINI~1/AppData/Local/Temp/#Taaaaau00860.in" 0.00127
INFO: Field Solver bem2d for STL_0S_1R_23
INFO: Executing command: bem2d 0 "C:/Users/ADMINI~1/AppData/Local/Temp/#Taaaaav00860.in" 0.00127
INFO: Field Solver bem2d for STL_0S_1R_24
INFO: Executing command: bem2d 0 "C:/Users/ADMINI~1/AppData/Local/Temp/#Taaaaaw00860.in" 0.00127
INFO: Field Solver bem2d for STL_0S_1R_25
INFO: Executing command: bem2d 0 "C:/Users/ADMINI~1/AppData/Local/Temp/#Taaaaax00860.in" 0.00127
INFO: Field Solver bem2d for STL_0S_1R_26
INFO: Executing command: bem2d 0 "C:/Users/ADMINI~1/AppData/Local/Temp/#Taaaaay00860.in" 0.00127
