(---------------------------------------------------------------------)
(                                                                     )
(    Clipboard Paste Session                                          )
(                                                                     )
(    Drawing          : STM32F103C8T6_KIT_DEV_2.brd                   )
(    Software Version : 17.2P028                                      )
(    Date/Time        : Sun Dec 27 22:28:15 2020                      )
(                                                                     )
(---------------------------------------------------------------------)


*WARNING* (axlDBCreateText): No match for subclass name - "MANUFACTURING/FABNOTE"
*WARNING* (axlDBCreateText): No match for subclass name - "MANUFACTURING/FABNOTE"
*WARNING* (axlDBCreateText): No match for subclass name - "MANUFACTURING/FABNOTE"
*WARNING* (axlDBCreateText): No match for subclass name - "MANUFACTURING/FABNOTE"
*WARNING* (axlDBCreateText): No match for subclass name - "MANUFACTURING/FABNOTE"
*WARNING* (axlDBCreateText): No match for subclass name - "MANUFACTURING/FABNOTE"
*WARNING* (axlDBCreateText): No match for subclass name - "MANUFACTURING/FABNOTE"
*WARNING* (axlDBCreateText): No match for subclass name - "MANUFACTURING/FABNOTE"
*WARNING* (axlDBCreateText): No match for subclass name - "MANUFACTURING/FABNOTE"
*WARNING* (axlDBCreateText): No match for subclass name - "MANUFACTURING/FABNOTE"
*WARNING* (axlDBCreateText): No match for subclass name - "MANUFACTURING/FABNOTE"


Clipboard Paste Session Completed at Dec 27 22:28:22 2020
