Component Report
E:/TRAING_ALLEGRO/TRAINNING2/PROJECT7/WORK/PCB/STM32F103C8T6_KIT_DEV_2.brd
Tue Dec 29 21:01:53 2020
Total Components:  35
REFDES,COMP_DEVICE_TYPE,COMP_VALUE,COMP_TOL,COMP_PACKAGE,SYM_X,SYM_Y,SYM_ROTATE,SYM_MIRROR
C1,CAP NP_C0603_105,105,,C0603,723.000,328.000,0.000,YES
C2,CAP NP_C0603_104,104,,C0603,1962.000,713.000,270.000,NO
C3,CAP NP_C0603_104,104,,C0603,959.000,637.000,225.000,YES
C4,CAP NP_C0603_104,104,,C0603,1220.000,739.000,135.000,YES
C5,CAP NP_C0603_104,104,,C0603,1319.000,541.000,45.000,YES
C6,CAP NP_C0603_104,104,,C0603,1104.000,396.000,315.000,YES
C7,CAP NP_C0603_105,105,,C0603,259.000,779.000,0.000,YES
C8,CAP NP_C0603_106,106,,C0603,385.000,854.000,180.000,NO
C9,CAP NP_C0603_104,104,,C0603,467.000,881.000,90.000,NO
C10,CAP NP_C0603_223,223,,C0603,384.000,956.000,180.000,NO
C11,CAP NP_C0603_20P,20p,,C0603,1294.000,700.000,225.000,YES
C12,CAP NP_C0603_20P,20p,,C0603,1333.000,662.000,225.000,YES
C13,CAP NP_C0603_20P,20p,,C0603,1392.000,803.000,225.000,NO
C14,CAP NP_C0603_20P,20p,,C0603,1349.000,844.000,225.000,NO
D1,LED_LED_1206_SMD_3_2X1_6MM_LED,LED,,LED_1206_SMD_3_2X1_6MM,1968.000,259.000,90.000,NO
D2,LED_LED_1206_SMD_3_2X1_6MM_LED,LED,,LED_1206_SMD_3_2X1_6MM,1994.000,913.000,270.000,NO
J1,HEADER 3X2/SM_HEADER_3X2_HEADER,HEADER 3x2,,HEADER_3X2,721.000,857.000,0.000,NO
J2,HEADER 4_HEADER_4X1_HEADER 4X1,HEADER 4x1,,HEADER_4X1,2047.913,590.551,0.000,NO
J3,HEADER 20_HEADER_20X1_HEADER 20,HEADER 20X1,,HEADER_20X1,1082.677,1103.661,270.000,NO
J4,HEADER 20_HEADER_20X1_HEADER 20,HEADER 20X1,,HEADER_20X1,1082.677,77.441,270.000,NO
R1,RESISTOR_R0603_10K,10K,,R0603,722.000,243.000,180.000,YES
R2,RESISTOR_R0603_100K,100K,,R0603,722.000,682.000,90.000,NO
R3,RESISTOR_R0603_100K,100K,,R0603,748.000,1006.000,180.000,YES
R4,RESISTOR_R0603_510R,510R,,R0603,1968.000,209.000,270.000,YES
R5,RESISTOR_R0603_510R,510R,,R0603,1995.000,988.000,270.000,YES
R6,RESISTOR_R0603_20R,20R,,R0603,343.000,635.000,0.000,NO
R7,RESISTOR_R0603_20R,20R,,R0603,343.000,575.000,0.000,NO
R8,RESISTOR_R0603_4.7K,4.7K,,R0603,1109.000,187.000,180.000,YES
R9,RESISTOR_R0603_1M,1M,,R0603,1349.000,806.524,315.000,YES
SW1,SW PUSHBUTTON_BUTTON_SMD_3X6MM_,SW PUSHBUTTON,,BUTTON_SMD_3X6MM,731.000,286.000,0.000,NO
U1,STM32F103XX_2_LQFP48_STM32F103X,STM32F103xx,,LQFP48,1142.677,590.551,225.000,NO
U2,RT9193_SOT-23-5_RT9193,RT9193,,SOT-23-5,346.000,898.000,270.000,YES
U3,USB-MICRO-2.0_USB-MICRO-B-2_0_U,USB-MICRO-2.0,,USB-MICRO-B-2_0,115.827,590.551,270.000,NO
Y1,CRYSTAL_MC306_32.768K,32.768k,,MC306,1816.000,591.001,270.000,NO
Y2,CRYSTAL_2PIN_SMD_HC49-S_8MHZ,8MHz,,2PIN_SMD_HC49-S,1594.486,590.551,90.000,NO
