(---------------------------------------------------------------------)
(                                                                     )
(    LOAD PHOTOPLOT DATA                                              )
(                                                                     )
(    Drawing          : STM32F103C8T6_KIT_DEV_2.brd                   )
(    Software Version : 17.2P028                                      )
(    Date/Time        : Mon Dec 28 21:45:46 2020                      )
(                                                                     )
(---------------------------------------------------------------------)



Results from parameter file ...
    DEVICE-TYPE           GERBER_RS274X
    OUTPUT-UNITS          INCHES
    FILM-SIZE             2400000 1600000
    FORMAT                2.5
    ABORT-ON-ERROR        NO
    SCALE                 1
    SUPPRESS-LEAD-ZEROES  YES
    SUPPRESS-TRAIL-ZEROES NO
    SUPPRESS-EQUAL        YES
    UNDEF-APT-CONT        NO
Unable to open the aperture file.
LOAD GERBER DATA aborted.
