(---------------------------------------------------------------------)
(                                                                     )
(    NC DRILL Log                                                     )
(                                                                     )
(    Drawing          : STM32F103C8T6_KIT_DEV_2.brd                   )
(    Software Version : 17.2P019                                      )
(    Date/Time        : Mon Dec 28 20:54:18 2020                      )
(                                                                     )
(---------------------------------------------------------------------)



 Processing NC Parameters file 'nc_param.txt' ...

 NC PARAMETERS
 -------------

 FORMAT   		2.5
 MACHINE-OFFSET		x:0.00000	y:0.00000   (inch)
 FEEDRATE		1
 COORDINATES		ABSOLUTE
 OUTPUT-UNITS		ENGLISH
 TOOL-ORDER		INCREASING
 REPEAT-CODES		YES
 SUPPRESS-LEAD-ZEROES	NO
 SUPPRESS-TRAIL-ZEROES	NO
 SUPPRESS-EQUAL		NO
 TOOL-SELECT		YES
 HEADER			none
 LEADER			12
 CODE			ASCII
 SEPARATE		NO
 SEPARATE-ROUTING	NO
 OPTIMIZE_DRILLING	NO
 ENHANCED_EXCELLON	YES
 SCALE			1.000000

 WARNING(SPMHMF-360): Design precision is greater than that of the drill output file data.
 WARNING(SPMHMF-361): Data rounding errors are very possible.
 WARNING(SPMHMF-368): Cannot find NC Drill tool file 'nc_tools.txt'
 WARNING(SPMHMF-369): ... will auto-generate tool file 'nc_tools_auto.txt'.


     Auto-generating tool file 'nc_tools_auto.txt' ...

           Size  Plating  Tool        + Tolerance  - Tolerance

         12.000  P        T01            3.000000     3.000000
         20.000  P        T02            3.000000     3.000000
         40.157  P        T03            3.000000     3.000000
         21.654  N        T04            3.000000     3.000000


 Drill files being output to directory 'E:/TRAING_ALLEGRO/TRAINNING2/PROJECT7/OUTPUT/FAB' ...



     'DRILL-1-2-1-2.drl' created for holes connecting TOP and BOTTOM
     ---------------------------------------------------------------

     Tool  Num     Size      +/- Tolerance     Plating   Quantity

     T01    1.  12.0000    3.0000/  3.0000      PLATED         24
     T02    2.  20.0000    3.0000/  3.0000      PLATED         25
     T03    3.  40.1570    3.0000/  3.0000      PLATED         50
     T04    4.  21.6540    3.0000/  3.0000  NON_PLATED          2

     ---- Total holes:                                        101

     ---- Total head travel:              2.96 feet (0.90 meters)

